ERROR - 2025-09-06 12:18:01 --> mysqli_sql_exception: Incorrect table definition; there can be only one auto column and it must be defined as a key in E:\Projeto\www\Capagiic-acessibilidade\v1\system\Database\MySQLi\Connection.php:327
Stack trace:
#0 E:\Projeto\www\Capagiic-acessibilidade\v1\system\Database\MySQLi\Connection.php(327): mysqli->query('CREATE TABLE `u...', 0)
#1 E:\Projeto\www\Capagiic-acessibilidade\v1\system\Database\BaseConnection.php(729): CodeIgniter\Database\MySQLi\Connection->execute('CREATE TABLE `u...')
#2 E:\Projeto\www\Capagiic-acessibilidade\v1\system\Database\BaseConnection.php(646): CodeIgniter\Database\BaseConnection->simpleQuery('CREATE TABLE `u...')
#3 E:\Projeto\www\Capagiic-acessibilidade\v1\system\Database\Forge.php(570): CodeIgniter\Database\BaseConnection->query('CREATE TABLE `u...')
#4 E:\Projeto\www\Capagiic-acessibilidade\v1\app\Database\Migrations\2025-09-06-121546_CreateUsers.php(20): CodeIgniter\Database\Forge->createTable('users')
#5 E:\Projeto\www\Capagiic-acessibilidade\v1\system\Database\MigrationRunner.php(876): App\Database\Migrations\CreateUsers->up()
#6 E:\Projeto\www\Capagiic-acessibilidade\v1\system\Database\MigrationRunner.php(182): CodeIgniter\Database\MigrationRunner->migrate('up', Object(stdClass))
#7 E:\Projeto\www\Capagiic-acessibilidade\v1\system\Commands\Database\Migrate.php(85): CodeIgniter\Database\MigrationRunner->latest(NULL)
#8 E:\Projeto\www\Capagiic-acessibilidade\v1\system\CLI\Commands.php(74): CodeIgniter\Commands\Database\Migrate->run(Array)
#9 E:\Projeto\www\Capagiic-acessibilidade\v1\system\CLI\Console.php(47): CodeIgniter\CLI\Commands->run('migrate', Array)
#10 E:\Projeto\www\Capagiic-acessibilidade\v1\system\Boot.php(388): CodeIgniter\CLI\Console->run()
#11 E:\Projeto\www\Capagiic-acessibilidade\v1\system\Boot.php(133): CodeIgniter\Boot::runCommand(Object(CodeIgniter\CLI\Console))
#12 E:\Projeto\www\Capagiic-acessibilidade\v1\spark(87): CodeIgniter\Boot::bootSpark(Object(Config\Paths))
#13 {main}
CRITICAL - 2025-09-06 12:23:02 --> Error: Class "App\Controllers\Api\UserModel" not found
[Method: GET, Route: api/users]
in APPPATH\Controllers\Api\Users.php on line 12.
 1 SYSTEMPATH\CodeIgniter.php(933): App\Controllers\Api\Users->index()
 2 SYSTEMPATH\CodeIgniter.php(507): CodeIgniter\CodeIgniter->runController(Object(App\Controllers\Api\Users))
 3 SYSTEMPATH\CodeIgniter.php(354): CodeIgniter\CodeIgniter->handleRequest(null, Object(Config\Cache), false)
 4 SYSTEMPATH\Boot.php(363): CodeIgniter\CodeIgniter->run()
 5 SYSTEMPATH\Boot.php(68): CodeIgniter\Boot::runCodeIgniter(Object(CodeIgniter\CodeIgniter))
 6 FCPATH\index.php(59): CodeIgniter\Boot::bootWeb(Object(Config\Paths))
CRITICAL - 2025-09-06 13:23:46 --> CodeIgniter\HTTP\Exceptions\HTTPException: Failed to parse JSON string. Error: Syntax error
[Method: POST, Route: api/users]
in SYSTEMPATH\HTTP\IncomingRequest.php on line 534.
 1 SYSTEMPATH\HTTP\IncomingRequest.php(534): CodeIgniter\HTTP\Exceptions\HTTPException::forInvalidJSON('Syntax error')
 2 APPPATH\Controllers\Api\Users.php(29): CodeIgniter\HTTP\IncomingRequest->getJSON(true)
 3 SYSTEMPATH\CodeIgniter.php(933): App\Controllers\Api\Users->create()
 4 SYSTEMPATH\CodeIgniter.php(507): CodeIgniter\CodeIgniter->runController(Object(App\Controllers\Api\Users))
 5 SYSTEMPATH\CodeIgniter.php(354): CodeIgniter\CodeIgniter->handleRequest(null, Object(Config\Cache), false)
 6 SYSTEMPATH\Boot.php(363): CodeIgniter\CodeIgniter->run()
 7 SYSTEMPATH\Boot.php(68): CodeIgniter\Boot::runCodeIgniter(Object(CodeIgniter\CodeIgniter))
 8 FCPATH\index.php(59): CodeIgniter\Boot::bootWeb(Object(Config\Paths))
CRITICAL - 2025-09-06 13:33:59 --> ErrorException: Trying to access array offset on null
[Method: GET, Route: api/users/exist]
in APPPATH\Controllers\Api\Users.php on line 39.
 1 APPPATH\Controllers\Api\Users.php(39): CodeIgniter\Debug\Exceptions->errorHandler(2, 'Trying to access array offset on null', 'E:\\Projeto\\www\\Capagiic-acessibilidade\\v1\\app\\Controllers\\Api\\Users.php', 39)
 2 APPPATH\Controllers\Api\Users.php(15): App\Controllers\Api\Users->exist()
 3 SYSTEMPATH\CodeIgniter.php(933): App\Controllers\Api\Users->index('exist')
 4 SYSTEMPATH\CodeIgniter.php(507): CodeIgniter\CodeIgniter->runController(Object(App\Controllers\Api\Users))
 5 SYSTEMPATH\CodeIgniter.php(354): CodeIgniter\CodeIgniter->handleRequest(null, Object(Config\Cache), false)
 6 SYSTEMPATH\Boot.php(363): CodeIgniter\CodeIgniter->run()
 7 SYSTEMPATH\Boot.php(68): CodeIgniter\Boot::runCodeIgniter(Object(CodeIgniter\CodeIgniter))
 8 FCPATH\index.php(59): CodeIgniter\Boot::bootWeb(Object(Config\Paths))
CRITICAL - 2025-09-06 13:34:42 --> ErrorException: Trying to access array offset on null
[Method: GET, Route: api/users/exist]
in APPPATH\Controllers\Api\Users.php on line 39.
 1 APPPATH\Controllers\Api\Users.php(39): CodeIgniter\Debug\Exceptions->errorHandler(2, 'Trying to access array offset on null', 'E:\\Projeto\\www\\Capagiic-acessibilidade\\v1\\app\\Controllers\\Api\\Users.php', 39)
 2 APPPATH\Controllers\Api\Users.php(15): App\Controllers\Api\Users->exist()
 3 SYSTEMPATH\CodeIgniter.php(933): App\Controllers\Api\Users->index('exist')
 4 SYSTEMPATH\CodeIgniter.php(507): CodeIgniter\CodeIgniter->runController(Object(App\Controllers\Api\Users))
 5 SYSTEMPATH\CodeIgniter.php(354): CodeIgniter\CodeIgniter->handleRequest(null, Object(Config\Cache), false)
 6 SYSTEMPATH\Boot.php(363): CodeIgniter\CodeIgniter->run()
 7 SYSTEMPATH\Boot.php(68): CodeIgniter\Boot::runCodeIgniter(Object(CodeIgniter\CodeIgniter))
 8 FCPATH\index.php(59): CodeIgniter\Boot::bootWeb(Object(Config\Paths))
CRITICAL - 2025-09-06 13:34:43 --> ErrorException: Trying to access array offset on null
[Method: GET, Route: api/users/exist]
in APPPATH\Controllers\Api\Users.php on line 39.
 1 APPPATH\Controllers\Api\Users.php(39): CodeIgniter\Debug\Exceptions->errorHandler(2, 'Trying to access array offset on null', 'E:\\Projeto\\www\\Capagiic-acessibilidade\\v1\\app\\Controllers\\Api\\Users.php', 39)
 2 APPPATH\Controllers\Api\Users.php(15): App\Controllers\Api\Users->exist()
 3 SYSTEMPATH\CodeIgniter.php(933): App\Controllers\Api\Users->index('exist')
 4 SYSTEMPATH\CodeIgniter.php(507): CodeIgniter\CodeIgniter->runController(Object(App\Controllers\Api\Users))
 5 SYSTEMPATH\CodeIgniter.php(354): CodeIgniter\CodeIgniter->handleRequest(null, Object(Config\Cache), false)
 6 SYSTEMPATH\Boot.php(363): CodeIgniter\CodeIgniter->run()
 7 SYSTEMPATH\Boot.php(68): CodeIgniter\Boot::runCodeIgniter(Object(CodeIgniter\CodeIgniter))
 8 FCPATH\index.php(59): CodeIgniter\Boot::bootWeb(Object(Config\Paths))
CRITICAL - 2025-09-06 13:55:13 --> CodeIgniter\HTTP\Exceptions\HTTPException: Failed to parse JSON string. Error: Syntax error
[Method: POST, Route: api/users/exist]
in SYSTEMPATH\HTTP\IncomingRequest.php on line 534.
 1 SYSTEMPATH\HTTP\IncomingRequest.php(534): CodeIgniter\HTTP\Exceptions\HTTPException::forInvalidJSON('Syntax error')
 2 APPPATH\Controllers\Api\Users.php(39): CodeIgniter\HTTP\IncomingRequest->getJSON(true)
 3 APPPATH\Controllers\Api\Users.php(17): App\Controllers\Api\Users->exist()
 4 SYSTEMPATH\CodeIgniter.php(933): App\Controllers\Api\Users->index('exist')
 5 SYSTEMPATH\CodeIgniter.php(507): CodeIgniter\CodeIgniter->runController(Object(App\Controllers\Api\Users))
 6 SYSTEMPATH\CodeIgniter.php(354): CodeIgniter\CodeIgniter->handleRequest(null, Object(Config\Cache), false)
 7 SYSTEMPATH\Boot.php(363): CodeIgniter\CodeIgniter->run()
 8 SYSTEMPATH\Boot.php(68): CodeIgniter\Boot::runCodeIgniter(Object(CodeIgniter\CodeIgniter))
 9 FCPATH\index.php(59): CodeIgniter\Boot::bootWeb(Object(Config\Paths))
ERROR - 2025-09-06 14:25:27 --> mysqli_sql_exception: Unknown column 'password' in 'field list' in E:\Projeto\www\Capagiic-acessibilidade\v1\system\Database\MySQLi\Connection.php:327
Stack trace:
#0 E:\Projeto\www\Capagiic-acessibilidade\v1\system\Database\MySQLi\Connection.php(327): mysqli->query('INSERT INTO `us...', 0)
#1 E:\Projeto\www\Capagiic-acessibilidade\v1\system\Database\BaseConnection.php(729): CodeIgniter\Database\MySQLi\Connection->execute('INSERT INTO `us...')
#2 E:\Projeto\www\Capagiic-acessibilidade\v1\system\Database\BaseConnection.php(646): CodeIgniter\Database\BaseConnection->simpleQuery('INSERT INTO `us...')
#3 E:\Projeto\www\Capagiic-acessibilidade\v1\system\Database\BaseBuilder.php(2345): CodeIgniter\Database\BaseConnection->query('INSERT INTO `us...', Array, false)
#4 E:\Projeto\www\Capagiic-acessibilidade\v1\system\Model.php(394): CodeIgniter\Database\BaseBuilder->insert()
#5 E:\Projeto\www\Capagiic-acessibilidade\v1\system\BaseModel.php(838): CodeIgniter\Model->doInsert(Array)
#6 E:\Projeto\www\Capagiic-acessibilidade\v1\system\Model.php(797): CodeIgniter\BaseModel->insert(Array, true)
#7 E:\Projeto\www\Capagiic-acessibilidade\v1\app\Controllers\Api\Users.php(103): CodeIgniter\Model->insert(Array)
#8 E:\Projeto\www\Capagiic-acessibilidade\v1\app\Controllers\Api\Users.php(39): App\Controllers\Api\Users->create()
#9 E:\Projeto\www\Capagiic-acessibilidade\v1\system\CodeIgniter.php(933): App\Controllers\Api\Users->index('signup')
#10 E:\Projeto\www\Capagiic-acessibilidade\v1\system\CodeIgniter.php(507): CodeIgniter\CodeIgniter->runController(Object(App\Controllers\Api\Users))
#11 E:\Projeto\www\Capagiic-acessibilidade\v1\system\CodeIgniter.php(354): CodeIgniter\CodeIgniter->handleRequest(NULL, Object(Config\Cache), false)
#12 E:\Projeto\www\Capagiic-acessibilidade\v1\system\Boot.php(363): CodeIgniter\CodeIgniter->run()
#13 E:\Projeto\www\Capagiic-acessibilidade\v1\system\Boot.php(68): CodeIgniter\Boot::runCodeIgniter(Object(CodeIgniter\CodeIgniter))
#14 E:\Projeto\www\Capagiic-acessibilidade\v1\public\index.php(59): CodeIgniter\Boot::bootWeb(Object(Config\Paths))
#15 {main}
CRITICAL - 2025-09-06 14:25:28 --> CodeIgniter\Database\Exceptions\DatabaseException: Unknown column 'password' in 'field list'
[Method: POST, Route: api/users/signup]
in SYSTEMPATH\Database\BaseConnection.php on line 684.
 1 SYSTEMPATH\Database\BaseBuilder.php(2345): CodeIgniter\Database\BaseConnection->query('INSERT INTO `users` (`us_email`, `us_name`, `password`, `created_at`) VALUES (:us_email:, :us_name:, :password:, :created_at:)', [...], false)
 2 SYSTEMPATH\Model.php(394): CodeIgniter\Database\BaseBuilder->insert()
 3 SYSTEMPATH\BaseModel.php(838): CodeIgniter\Model->doInsert([...])
 4 SYSTEMPATH\Model.php(797): CodeIgniter\BaseModel->insert([...], true)
 5 APPPATH\Controllers\Api\Users.php(103): CodeIgniter\Model->insert([...])
 6 APPPATH\Controllers\Api\Users.php(39): App\Controllers\Api\Users->create()
 7 SYSTEMPATH\CodeIgniter.php(933): App\Controllers\Api\Users->index('signup')
 8 SYSTEMPATH\CodeIgniter.php(507): CodeIgniter\CodeIgniter->runController(Object(App\Controllers\Api\Users))
 9 SYSTEMPATH\CodeIgniter.php(354): CodeIgniter\CodeIgniter->handleRequest(null, Object(Config\Cache), false)
10 SYSTEMPATH\Boot.php(363): CodeIgniter\CodeIgniter->run()
11 SYSTEMPATH\Boot.php(68): CodeIgniter\Boot::runCodeIgniter(Object(CodeIgniter\CodeIgniter))
12 FCPATH\index.php(59): CodeIgniter\Boot::bootWeb(Object(Config\Paths))
CRITICAL - 2025-09-06 14:25:28 --> [Caused by] CodeIgniter\Database\Exceptions\DatabaseException: Unknown column 'password' in 'field list'
in SYSTEMPATH\Database\MySQLi\Connection.php on line 332.
 1 SYSTEMPATH\Database\BaseConnection.php(729): CodeIgniter\Database\MySQLi\Connection->execute('INSERT INTO `users` (`us_email`, `us_name`, `password`, `created_at`) VALUES (\'renefgj@gmail.com\', \'Rene Faustino Gabriel Junior\', \'$2y$10$mFggGk4zUyfwI8Rgh/dnKuPDaq5OxMCat.RpD2eEaJUCKuDX/RX.u\', \'2025-09-06 14:25:27\')')
 2 SYSTEMPATH\Database\BaseConnection.php(646): CodeIgniter\Database\BaseConnection->simpleQuery('INSERT INTO `users` (`us_email`, `us_name`, `password`, `created_at`) VALUES (\'renefgj@gmail.com\', \'Rene Faustino Gabriel Junior\', \'$2y$10$mFggGk4zUyfwI8Rgh/dnKuPDaq5OxMCat.RpD2eEaJUCKuDX/RX.u\', \'2025-09-06 14:25:27\')')
 3 SYSTEMPATH\Database\BaseBuilder.php(2345): CodeIgniter\Database\BaseConnection->query('INSERT INTO `users` (`us_email`, `us_name`, `password`, `created_at`) VALUES (:us_email:, :us_name:, :password:, :created_at:)', [...], false)
 4 SYSTEMPATH\Model.php(394): CodeIgniter\Database\BaseBuilder->insert()
 5 SYSTEMPATH\BaseModel.php(838): CodeIgniter\Model->doInsert([...])
 6 SYSTEMPATH\Model.php(797): CodeIgniter\BaseModel->insert([...], true)
 7 APPPATH\Controllers\Api\Users.php(103): CodeIgniter\Model->insert([...])
 8 APPPATH\Controllers\Api\Users.php(39): App\Controllers\Api\Users->create()
 9 SYSTEMPATH\CodeIgniter.php(933): App\Controllers\Api\Users->index('signup')
10 SYSTEMPATH\CodeIgniter.php(507): CodeIgniter\CodeIgniter->runController(Object(App\Controllers\Api\Users))
11 SYSTEMPATH\CodeIgniter.php(354): CodeIgniter\CodeIgniter->handleRequest(null, Object(Config\Cache), false)
12 SYSTEMPATH\Boot.php(363): CodeIgniter\CodeIgniter->run()
13 SYSTEMPATH\Boot.php(68): CodeIgniter\Boot::runCodeIgniter(Object(CodeIgniter\CodeIgniter))
14 FCPATH\index.php(59): CodeIgniter\Boot::bootWeb(Object(Config\Paths))
CRITICAL - 2025-09-06 14:25:28 --> [Caused by] mysqli_sql_exception: Unknown column 'password' in 'field list'
in SYSTEMPATH\Database\MySQLi\Connection.php on line 327.
 1 SYSTEMPATH\Database\MySQLi\Connection.php(327): mysqli->query('INSERT INTO `users` (`us_email`, `us_name`, `password`, `created_at`) VALUES (\'renefgj@gmail.com\', \'Rene Faustino Gabriel Junior\', \'$2y$10$mFggGk4zUyfwI8Rgh/dnKuPDaq5OxMCat.RpD2eEaJUCKuDX/RX.u\', \'2025-09-06 14:25:27\')', 0)
 2 SYSTEMPATH\Database\BaseConnection.php(729): CodeIgniter\Database\MySQLi\Connection->execute('INSERT INTO `users` (`us_email`, `us_name`, `password`, `created_at`) VALUES (\'renefgj@gmail.com\', \'Rene Faustino Gabriel Junior\', \'$2y$10$mFggGk4zUyfwI8Rgh/dnKuPDaq5OxMCat.RpD2eEaJUCKuDX/RX.u\', \'2025-09-06 14:25:27\')')
 3 SYSTEMPATH\Database\BaseConnection.php(646): CodeIgniter\Database\BaseConnection->simpleQuery('INSERT INTO `users` (`us_email`, `us_name`, `password`, `created_at`) VALUES (\'renefgj@gmail.com\', \'Rene Faustino Gabriel Junior\', \'$2y$10$mFggGk4zUyfwI8Rgh/dnKuPDaq5OxMCat.RpD2eEaJUCKuDX/RX.u\', \'2025-09-06 14:25:27\')')
 4 SYSTEMPATH\Database\BaseBuilder.php(2345): CodeIgniter\Database\BaseConnection->query('INSERT INTO `users` (`us_email`, `us_name`, `password`, `created_at`) VALUES (:us_email:, :us_name:, :password:, :created_at:)', [...], false)
 5 SYSTEMPATH\Model.php(394): CodeIgniter\Database\BaseBuilder->insert()
 6 SYSTEMPATH\BaseModel.php(838): CodeIgniter\Model->doInsert([...])
 7 SYSTEMPATH\Model.php(797): CodeIgniter\BaseModel->insert([...], true)
 8 APPPATH\Controllers\Api\Users.php(103): CodeIgniter\Model->insert([...])
 9 APPPATH\Controllers\Api\Users.php(39): App\Controllers\Api\Users->create()
10 SYSTEMPATH\CodeIgniter.php(933): App\Controllers\Api\Users->index('signup')
11 SYSTEMPATH\CodeIgniter.php(507): CodeIgniter\CodeIgniter->runController(Object(App\Controllers\Api\Users))
12 SYSTEMPATH\CodeIgniter.php(354): CodeIgniter\CodeIgniter->handleRequest(null, Object(Config\Cache), false)
13 SYSTEMPATH\Boot.php(363): CodeIgniter\CodeIgniter->run()
14 SYSTEMPATH\Boot.php(68): CodeIgniter\Boot::runCodeIgniter(Object(CodeIgniter\CodeIgniter))
15 FCPATH\index.php(59): CodeIgniter\Boot::bootWeb(Object(Config\Paths))
ERROR - 2025-09-06 14:25:37 --> mysqli_sql_exception: Unknown column 'password' in 'field list' in E:\Projeto\www\Capagiic-acessibilidade\v1\system\Database\MySQLi\Connection.php:327
Stack trace:
#0 E:\Projeto\www\Capagiic-acessibilidade\v1\system\Database\MySQLi\Connection.php(327): mysqli->query('INSERT INTO `us...', 0)
#1 E:\Projeto\www\Capagiic-acessibilidade\v1\system\Database\BaseConnection.php(729): CodeIgniter\Database\MySQLi\Connection->execute('INSERT INTO `us...')
#2 E:\Projeto\www\Capagiic-acessibilidade\v1\system\Database\BaseConnection.php(646): CodeIgniter\Database\BaseConnection->simpleQuery('INSERT INTO `us...')
#3 E:\Projeto\www\Capagiic-acessibilidade\v1\system\Database\BaseBuilder.php(2345): CodeIgniter\Database\BaseConnection->query('INSERT INTO `us...', Array, false)
#4 E:\Projeto\www\Capagiic-acessibilidade\v1\system\Model.php(394): CodeIgniter\Database\BaseBuilder->insert()
#5 E:\Projeto\www\Capagiic-acessibilidade\v1\system\BaseModel.php(838): CodeIgniter\Model->doInsert(Array)
#6 E:\Projeto\www\Capagiic-acessibilidade\v1\system\Model.php(797): CodeIgniter\BaseModel->insert(Array, true)
#7 E:\Projeto\www\Capagiic-acessibilidade\v1\app\Controllers\Api\Users.php(103): CodeIgniter\Model->insert(Array)
#8 E:\Projeto\www\Capagiic-acessibilidade\v1\app\Controllers\Api\Users.php(39): App\Controllers\Api\Users->create()
#9 E:\Projeto\www\Capagiic-acessibilidade\v1\system\CodeIgniter.php(933): App\Controllers\Api\Users->index('signup')
#10 E:\Projeto\www\Capagiic-acessibilidade\v1\system\CodeIgniter.php(507): CodeIgniter\CodeIgniter->runController(Object(App\Controllers\Api\Users))
#11 E:\Projeto\www\Capagiic-acessibilidade\v1\system\CodeIgniter.php(354): CodeIgniter\CodeIgniter->handleRequest(NULL, Object(Config\Cache), false)
#12 E:\Projeto\www\Capagiic-acessibilidade\v1\system\Boot.php(363): CodeIgniter\CodeIgniter->run()
#13 E:\Projeto\www\Capagiic-acessibilidade\v1\system\Boot.php(68): CodeIgniter\Boot::runCodeIgniter(Object(CodeIgniter\CodeIgniter))
#14 E:\Projeto\www\Capagiic-acessibilidade\v1\public\index.php(59): CodeIgniter\Boot::bootWeb(Object(Config\Paths))
#15 {main}
CRITICAL - 2025-09-06 14:25:37 --> CodeIgniter\Database\Exceptions\DatabaseException: Unknown column 'password' in 'field list'
[Method: GET, Route: api/users/signup]
in SYSTEMPATH\Database\BaseConnection.php on line 684.
 1 SYSTEMPATH\Database\BaseBuilder.php(2345): CodeIgniter\Database\BaseConnection->query('INSERT INTO `users` (`us_email`, `us_name`, `password`, `created_at`) VALUES (:us_email:, :us_name:, :password:, :created_at:)', [...], false)
 2 SYSTEMPATH\Model.php(394): CodeIgniter\Database\BaseBuilder->insert()
 3 SYSTEMPATH\BaseModel.php(838): CodeIgniter\Model->doInsert([...])
 4 SYSTEMPATH\Model.php(797): CodeIgniter\BaseModel->insert([...], true)
 5 APPPATH\Controllers\Api\Users.php(103): CodeIgniter\Model->insert([...])
 6 APPPATH\Controllers\Api\Users.php(39): App\Controllers\Api\Users->create()
 7 SYSTEMPATH\CodeIgniter.php(933): App\Controllers\Api\Users->index('signup')
 8 SYSTEMPATH\CodeIgniter.php(507): CodeIgniter\CodeIgniter->runController(Object(App\Controllers\Api\Users))
 9 SYSTEMPATH\CodeIgniter.php(354): CodeIgniter\CodeIgniter->handleRequest(null, Object(Config\Cache), false)
10 SYSTEMPATH\Boot.php(363): CodeIgniter\CodeIgniter->run()
11 SYSTEMPATH\Boot.php(68): CodeIgniter\Boot::runCodeIgniter(Object(CodeIgniter\CodeIgniter))
12 FCPATH\index.php(59): CodeIgniter\Boot::bootWeb(Object(Config\Paths))
CRITICAL - 2025-09-06 14:25:37 --> [Caused by] CodeIgniter\Database\Exceptions\DatabaseException: Unknown column 'password' in 'field list'
in SYSTEMPATH\Database\MySQLi\Connection.php on line 332.
 1 SYSTEMPATH\Database\BaseConnection.php(729): CodeIgniter\Database\MySQLi\Connection->execute('INSERT INTO `users` (`us_email`, `us_name`, `password`, `created_at`) VALUES (\'\', \'\', \'$2y$10$CYb0jvgBoyXpEDzYOZH.BeDtJaJtR9ujvFHjnqVysnCgfEClziD02\', \'2025-09-06 14:25:37\')')
 2 SYSTEMPATH\Database\BaseConnection.php(646): CodeIgniter\Database\BaseConnection->simpleQuery('INSERT INTO `users` (`us_email`, `us_name`, `password`, `created_at`) VALUES (\'\', \'\', \'$2y$10$CYb0jvgBoyXpEDzYOZH.BeDtJaJtR9ujvFHjnqVysnCgfEClziD02\', \'2025-09-06 14:25:37\')')
 3 SYSTEMPATH\Database\BaseBuilder.php(2345): CodeIgniter\Database\BaseConnection->query('INSERT INTO `users` (`us_email`, `us_name`, `password`, `created_at`) VALUES (:us_email:, :us_name:, :password:, :created_at:)', [...], false)
 4 SYSTEMPATH\Model.php(394): CodeIgniter\Database\BaseBuilder->insert()
 5 SYSTEMPATH\BaseModel.php(838): CodeIgniter\Model->doInsert([...])
 6 SYSTEMPATH\Model.php(797): CodeIgniter\BaseModel->insert([...], true)
 7 APPPATH\Controllers\Api\Users.php(103): CodeIgniter\Model->insert([...])
 8 APPPATH\Controllers\Api\Users.php(39): App\Controllers\Api\Users->create()
 9 SYSTEMPATH\CodeIgniter.php(933): App\Controllers\Api\Users->index('signup')
10 SYSTEMPATH\CodeIgniter.php(507): CodeIgniter\CodeIgniter->runController(Object(App\Controllers\Api\Users))
11 SYSTEMPATH\CodeIgniter.php(354): CodeIgniter\CodeIgniter->handleRequest(null, Object(Config\Cache), false)
12 SYSTEMPATH\Boot.php(363): CodeIgniter\CodeIgniter->run()
13 SYSTEMPATH\Boot.php(68): CodeIgniter\Boot::runCodeIgniter(Object(CodeIgniter\CodeIgniter))
14 FCPATH\index.php(59): CodeIgniter\Boot::bootWeb(Object(Config\Paths))
CRITICAL - 2025-09-06 14:25:37 --> [Caused by] mysqli_sql_exception: Unknown column 'password' in 'field list'
in SYSTEMPATH\Database\MySQLi\Connection.php on line 327.
 1 SYSTEMPATH\Database\MySQLi\Connection.php(327): mysqli->query('INSERT INTO `users` (`us_email`, `us_name`, `password`, `created_at`) VALUES (\'\', \'\', \'$2y$10$CYb0jvgBoyXpEDzYOZH.BeDtJaJtR9ujvFHjnqVysnCgfEClziD02\', \'2025-09-06 14:25:37\')', 0)
 2 SYSTEMPATH\Database\BaseConnection.php(729): CodeIgniter\Database\MySQLi\Connection->execute('INSERT INTO `users` (`us_email`, `us_name`, `password`, `created_at`) VALUES (\'\', \'\', \'$2y$10$CYb0jvgBoyXpEDzYOZH.BeDtJaJtR9ujvFHjnqVysnCgfEClziD02\', \'2025-09-06 14:25:37\')')
 3 SYSTEMPATH\Database\BaseConnection.php(646): CodeIgniter\Database\BaseConnection->simpleQuery('INSERT INTO `users` (`us_email`, `us_name`, `password`, `created_at`) VALUES (\'\', \'\', \'$2y$10$CYb0jvgBoyXpEDzYOZH.BeDtJaJtR9ujvFHjnqVysnCgfEClziD02\', \'2025-09-06 14:25:37\')')
 4 SYSTEMPATH\Database\BaseBuilder.php(2345): CodeIgniter\Database\BaseConnection->query('INSERT INTO `users` (`us_email`, `us_name`, `password`, `created_at`) VALUES (:us_email:, :us_name:, :password:, :created_at:)', [...], false)
 5 SYSTEMPATH\Model.php(394): CodeIgniter\Database\BaseBuilder->insert()
 6 SYSTEMPATH\BaseModel.php(838): CodeIgniter\Model->doInsert([...])
 7 SYSTEMPATH\Model.php(797): CodeIgniter\BaseModel->insert([...], true)
 8 APPPATH\Controllers\Api\Users.php(103): CodeIgniter\Model->insert([...])
 9 APPPATH\Controllers\Api\Users.php(39): App\Controllers\Api\Users->create()
10 SYSTEMPATH\CodeIgniter.php(933): App\Controllers\Api\Users->index('signup')
11 SYSTEMPATH\CodeIgniter.php(507): CodeIgniter\CodeIgniter->runController(Object(App\Controllers\Api\Users))
12 SYSTEMPATH\CodeIgniter.php(354): CodeIgniter\CodeIgniter->handleRequest(null, Object(Config\Cache), false)
13 SYSTEMPATH\Boot.php(363): CodeIgniter\CodeIgniter->run()
14 SYSTEMPATH\Boot.php(68): CodeIgniter\Boot::runCodeIgniter(Object(CodeIgniter\CodeIgniter))
15 FCPATH\index.php(59): CodeIgniter\Boot::bootWeb(Object(Config\Paths))
ERROR - 2025-09-06 14:25:59 --> mysqli_sql_exception: Unknown column 'password' in 'field list' in E:\Projeto\www\Capagiic-acessibilidade\v1\system\Database\MySQLi\Connection.php:327
Stack trace:
#0 E:\Projeto\www\Capagiic-acessibilidade\v1\system\Database\MySQLi\Connection.php(327): mysqli->query('INSERT INTO `us...', 0)
#1 E:\Projeto\www\Capagiic-acessibilidade\v1\system\Database\BaseConnection.php(729): CodeIgniter\Database\MySQLi\Connection->execute('INSERT INTO `us...')
#2 E:\Projeto\www\Capagiic-acessibilidade\v1\system\Database\BaseConnection.php(646): CodeIgniter\Database\BaseConnection->simpleQuery('INSERT INTO `us...')
#3 E:\Projeto\www\Capagiic-acessibilidade\v1\system\Database\BaseBuilder.php(2345): CodeIgniter\Database\BaseConnection->query('INSERT INTO `us...', Array, false)
#4 E:\Projeto\www\Capagiic-acessibilidade\v1\system\Model.php(394): CodeIgniter\Database\BaseBuilder->insert()
#5 E:\Projeto\www\Capagiic-acessibilidade\v1\system\BaseModel.php(838): CodeIgniter\Model->doInsert(Array)
#6 E:\Projeto\www\Capagiic-acessibilidade\v1\system\Model.php(797): CodeIgniter\BaseModel->insert(Array, true)
#7 E:\Projeto\www\Capagiic-acessibilidade\v1\app\Controllers\Api\Users.php(103): CodeIgniter\Model->insert(Array)
#8 E:\Projeto\www\Capagiic-acessibilidade\v1\app\Controllers\Api\Users.php(39): App\Controllers\Api\Users->create()
#9 E:\Projeto\www\Capagiic-acessibilidade\v1\system\CodeIgniter.php(933): App\Controllers\Api\Users->index('signup')
#10 E:\Projeto\www\Capagiic-acessibilidade\v1\system\CodeIgniter.php(507): CodeIgniter\CodeIgniter->runController(Object(App\Controllers\Api\Users))
#11 E:\Projeto\www\Capagiic-acessibilidade\v1\system\CodeIgniter.php(354): CodeIgniter\CodeIgniter->handleRequest(NULL, Object(Config\Cache), false)
#12 E:\Projeto\www\Capagiic-acessibilidade\v1\system\Boot.php(363): CodeIgniter\CodeIgniter->run()
#13 E:\Projeto\www\Capagiic-acessibilidade\v1\system\Boot.php(68): CodeIgniter\Boot::runCodeIgniter(Object(CodeIgniter\CodeIgniter))
#14 E:\Projeto\www\Capagiic-acessibilidade\v1\public\index.php(59): CodeIgniter\Boot::bootWeb(Object(Config\Paths))
#15 {main}
CRITICAL - 2025-09-06 14:25:59 --> CodeIgniter\Database\Exceptions\DatabaseException: Unknown column 'password' in 'field list'
[Method: GET, Route: api/users/signup]
in SYSTEMPATH\Database\BaseConnection.php on line 684.
 1 SYSTEMPATH\Database\BaseBuilder.php(2345): CodeIgniter\Database\BaseConnection->query('INSERT INTO `users` (`us_email`, `us_name`, `password`, `created_at`) VALUES (:us_email:, :us_name:, :password:, :created_at:)', [...], false)
 2 SYSTEMPATH\Model.php(394): CodeIgniter\Database\BaseBuilder->insert()
 3 SYSTEMPATH\BaseModel.php(838): CodeIgniter\Model->doInsert([...])
 4 SYSTEMPATH\Model.php(797): CodeIgniter\BaseModel->insert([...], true)
 5 APPPATH\Controllers\Api\Users.php(103): CodeIgniter\Model->insert([...])
 6 APPPATH\Controllers\Api\Users.php(39): App\Controllers\Api\Users->create()
 7 SYSTEMPATH\CodeIgniter.php(933): App\Controllers\Api\Users->index('signup')
 8 SYSTEMPATH\CodeIgniter.php(507): CodeIgniter\CodeIgniter->runController(Object(App\Controllers\Api\Users))
 9 SYSTEMPATH\CodeIgniter.php(354): CodeIgniter\CodeIgniter->handleRequest(null, Object(Config\Cache), false)
10 SYSTEMPATH\Boot.php(363): CodeIgniter\CodeIgniter->run()
11 SYSTEMPATH\Boot.php(68): CodeIgniter\Boot::runCodeIgniter(Object(CodeIgniter\CodeIgniter))
12 FCPATH\index.php(59): CodeIgniter\Boot::bootWeb(Object(Config\Paths))
CRITICAL - 2025-09-06 14:25:59 --> [Caused by] CodeIgniter\Database\Exceptions\DatabaseException: Unknown column 'password' in 'field list'
in SYSTEMPATH\Database\MySQLi\Connection.php on line 332.
 1 SYSTEMPATH\Database\BaseConnection.php(729): CodeIgniter\Database\MySQLi\Connection->execute('INSERT INTO `users` (`us_email`, `us_name`, `password`, `created_at`) VALUES (\'renefgj@gmail.com\', \'Rene Faustino Gabriel Junior\', \'$2y$10$ieEaF3bWK5xcbkHa8ohzD.T9irQA7j6qpXIJ0WYnG1Muz6MfzbqKG\', \'2025-09-06 14:25:59\')')
 2 SYSTEMPATH\Database\BaseConnection.php(646): CodeIgniter\Database\BaseConnection->simpleQuery('INSERT INTO `users` (`us_email`, `us_name`, `password`, `created_at`) VALUES (\'renefgj@gmail.com\', \'Rene Faustino Gabriel Junior\', \'$2y$10$ieEaF3bWK5xcbkHa8ohzD.T9irQA7j6qpXIJ0WYnG1Muz6MfzbqKG\', \'2025-09-06 14:25:59\')')
 3 SYSTEMPATH\Database\BaseBuilder.php(2345): CodeIgniter\Database\BaseConnection->query('INSERT INTO `users` (`us_email`, `us_name`, `password`, `created_at`) VALUES (:us_email:, :us_name:, :password:, :created_at:)', [...], false)
 4 SYSTEMPATH\Model.php(394): CodeIgniter\Database\BaseBuilder->insert()
 5 SYSTEMPATH\BaseModel.php(838): CodeIgniter\Model->doInsert([...])
 6 SYSTEMPATH\Model.php(797): CodeIgniter\BaseModel->insert([...], true)
 7 APPPATH\Controllers\Api\Users.php(103): CodeIgniter\Model->insert([...])
 8 APPPATH\Controllers\Api\Users.php(39): App\Controllers\Api\Users->create()
 9 SYSTEMPATH\CodeIgniter.php(933): App\Controllers\Api\Users->index('signup')
10 SYSTEMPATH\CodeIgniter.php(507): CodeIgniter\CodeIgniter->runController(Object(App\Controllers\Api\Users))
11 SYSTEMPATH\CodeIgniter.php(354): CodeIgniter\CodeIgniter->handleRequest(null, Object(Config\Cache), false)
12 SYSTEMPATH\Boot.php(363): CodeIgniter\CodeIgniter->run()
13 SYSTEMPATH\Boot.php(68): CodeIgniter\Boot::runCodeIgniter(Object(CodeIgniter\CodeIgniter))
14 FCPATH\index.php(59): CodeIgniter\Boot::bootWeb(Object(Config\Paths))
CRITICAL - 2025-09-06 14:25:59 --> [Caused by] mysqli_sql_exception: Unknown column 'password' in 'field list'
in SYSTEMPATH\Database\MySQLi\Connection.php on line 327.
 1 SYSTEMPATH\Database\MySQLi\Connection.php(327): mysqli->query('INSERT INTO `users` (`us_email`, `us_name`, `password`, `created_at`) VALUES (\'renefgj@gmail.com\', \'Rene Faustino Gabriel Junior\', \'$2y$10$ieEaF3bWK5xcbkHa8ohzD.T9irQA7j6qpXIJ0WYnG1Muz6MfzbqKG\', \'2025-09-06 14:25:59\')', 0)
 2 SYSTEMPATH\Database\BaseConnection.php(729): CodeIgniter\Database\MySQLi\Connection->execute('INSERT INTO `users` (`us_email`, `us_name`, `password`, `created_at`) VALUES (\'renefgj@gmail.com\', \'Rene Faustino Gabriel Junior\', \'$2y$10$ieEaF3bWK5xcbkHa8ohzD.T9irQA7j6qpXIJ0WYnG1Muz6MfzbqKG\', \'2025-09-06 14:25:59\')')
 3 SYSTEMPATH\Database\BaseConnection.php(646): CodeIgniter\Database\BaseConnection->simpleQuery('INSERT INTO `users` (`us_email`, `us_name`, `password`, `created_at`) VALUES (\'renefgj@gmail.com\', \'Rene Faustino Gabriel Junior\', \'$2y$10$ieEaF3bWK5xcbkHa8ohzD.T9irQA7j6qpXIJ0WYnG1Muz6MfzbqKG\', \'2025-09-06 14:25:59\')')
 4 SYSTEMPATH\Database\BaseBuilder.php(2345): CodeIgniter\Database\BaseConnection->query('INSERT INTO `users` (`us_email`, `us_name`, `password`, `created_at`) VALUES (:us_email:, :us_name:, :password:, :created_at:)', [...], false)
 5 SYSTEMPATH\Model.php(394): CodeIgniter\Database\BaseBuilder->insert()
 6 SYSTEMPATH\BaseModel.php(838): CodeIgniter\Model->doInsert([...])
 7 SYSTEMPATH\Model.php(797): CodeIgniter\BaseModel->insert([...], true)
 8 APPPATH\Controllers\Api\Users.php(103): CodeIgniter\Model->insert([...])
 9 APPPATH\Controllers\Api\Users.php(39): App\Controllers\Api\Users->create()
10 SYSTEMPATH\CodeIgniter.php(933): App\Controllers\Api\Users->index('signup')
11 SYSTEMPATH\CodeIgniter.php(507): CodeIgniter\CodeIgniter->runController(Object(App\Controllers\Api\Users))
12 SYSTEMPATH\CodeIgniter.php(354): CodeIgniter\CodeIgniter->handleRequest(null, Object(Config\Cache), false)
13 SYSTEMPATH\Boot.php(363): CodeIgniter\CodeIgniter->run()
14 SYSTEMPATH\Boot.php(68): CodeIgniter\Boot::runCodeIgniter(Object(CodeIgniter\CodeIgniter))
15 FCPATH\index.php(59): CodeIgniter\Boot::bootWeb(Object(Config\Paths))
ERROR - 2025-09-06 14:26:05 --> mysqli_sql_exception: Unknown column 'password' in 'field list' in E:\Projeto\www\Capagiic-acessibilidade\v1\system\Database\MySQLi\Connection.php:327
Stack trace:
#0 E:\Projeto\www\Capagiic-acessibilidade\v1\system\Database\MySQLi\Connection.php(327): mysqli->query('INSERT INTO `us...', 0)
#1 E:\Projeto\www\Capagiic-acessibilidade\v1\system\Database\BaseConnection.php(729): CodeIgniter\Database\MySQLi\Connection->execute('INSERT INTO `us...')
#2 E:\Projeto\www\Capagiic-acessibilidade\v1\system\Database\BaseConnection.php(646): CodeIgniter\Database\BaseConnection->simpleQuery('INSERT INTO `us...')
#3 E:\Projeto\www\Capagiic-acessibilidade\v1\system\Database\BaseBuilder.php(2345): CodeIgniter\Database\BaseConnection->query('INSERT INTO `us...', Array, false)
#4 E:\Projeto\www\Capagiic-acessibilidade\v1\system\Model.php(394): CodeIgniter\Database\BaseBuilder->insert()
#5 E:\Projeto\www\Capagiic-acessibilidade\v1\system\BaseModel.php(838): CodeIgniter\Model->doInsert(Array)
#6 E:\Projeto\www\Capagiic-acessibilidade\v1\system\Model.php(797): CodeIgniter\BaseModel->insert(Array, true)
#7 E:\Projeto\www\Capagiic-acessibilidade\v1\app\Controllers\Api\Users.php(103): CodeIgniter\Model->insert(Array)
#8 E:\Projeto\www\Capagiic-acessibilidade\v1\app\Controllers\Api\Users.php(39): App\Controllers\Api\Users->create()
#9 E:\Projeto\www\Capagiic-acessibilidade\v1\system\CodeIgniter.php(933): App\Controllers\Api\Users->index('signup')
#10 E:\Projeto\www\Capagiic-acessibilidade\v1\system\CodeIgniter.php(507): CodeIgniter\CodeIgniter->runController(Object(App\Controllers\Api\Users))
#11 E:\Projeto\www\Capagiic-acessibilidade\v1\system\CodeIgniter.php(354): CodeIgniter\CodeIgniter->handleRequest(NULL, Object(Config\Cache), false)
#12 E:\Projeto\www\Capagiic-acessibilidade\v1\system\Boot.php(363): CodeIgniter\CodeIgniter->run()
#13 E:\Projeto\www\Capagiic-acessibilidade\v1\system\Boot.php(68): CodeIgniter\Boot::runCodeIgniter(Object(CodeIgniter\CodeIgniter))
#14 E:\Projeto\www\Capagiic-acessibilidade\v1\public\index.php(59): CodeIgniter\Boot::bootWeb(Object(Config\Paths))
#15 {main}
CRITICAL - 2025-09-06 14:26:05 --> CodeIgniter\Database\Exceptions\DatabaseException: Unknown column 'password' in 'field list'
[Method: GET, Route: api/users/signup]
in SYSTEMPATH\Database\BaseConnection.php on line 684.
 1 SYSTEMPATH\Database\BaseBuilder.php(2345): CodeIgniter\Database\BaseConnection->query('INSERT INTO `users` (`us_email`, `us_name`, `password`, `created_at`) VALUES (:us_email:, :us_name:, :password:, :created_at:)', [...], false)
 2 SYSTEMPATH\Model.php(394): CodeIgniter\Database\BaseBuilder->insert()
 3 SYSTEMPATH\BaseModel.php(838): CodeIgniter\Model->doInsert([...])
 4 SYSTEMPATH\Model.php(797): CodeIgniter\BaseModel->insert([...], true)
 5 APPPATH\Controllers\Api\Users.php(103): CodeIgniter\Model->insert([...])
 6 APPPATH\Controllers\Api\Users.php(39): App\Controllers\Api\Users->create()
 7 SYSTEMPATH\CodeIgniter.php(933): App\Controllers\Api\Users->index('signup')
 8 SYSTEMPATH\CodeIgniter.php(507): CodeIgniter\CodeIgniter->runController(Object(App\Controllers\Api\Users))
 9 SYSTEMPATH\CodeIgniter.php(354): CodeIgniter\CodeIgniter->handleRequest(null, Object(Config\Cache), false)
10 SYSTEMPATH\Boot.php(363): CodeIgniter\CodeIgniter->run()
11 SYSTEMPATH\Boot.php(68): CodeIgniter\Boot::runCodeIgniter(Object(CodeIgniter\CodeIgniter))
12 FCPATH\index.php(59): CodeIgniter\Boot::bootWeb(Object(Config\Paths))
CRITICAL - 2025-09-06 14:26:05 --> [Caused by] CodeIgniter\Database\Exceptions\DatabaseException: Unknown column 'password' in 'field list'
in SYSTEMPATH\Database\MySQLi\Connection.php on line 332.
 1 SYSTEMPATH\Database\BaseConnection.php(729): CodeIgniter\Database\MySQLi\Connection->execute('INSERT INTO `users` (`us_email`, `us_name`, `password`, `created_at`) VALUES (\'renefgj@gmail.com\', \'Rene Faustino Gabriel Junior\', \'$2y$10$ePEgLZIFgmzgHPnmzduWE.PJ0Q/Qw4DCFNM2DCPlCWcPkq/K2gP4u\', \'2025-09-06 14:26:05\')')
 2 SYSTEMPATH\Database\BaseConnection.php(646): CodeIgniter\Database\BaseConnection->simpleQuery('INSERT INTO `users` (`us_email`, `us_name`, `password`, `created_at`) VALUES (\'renefgj@gmail.com\', \'Rene Faustino Gabriel Junior\', \'$2y$10$ePEgLZIFgmzgHPnmzduWE.PJ0Q/Qw4DCFNM2DCPlCWcPkq/K2gP4u\', \'2025-09-06 14:26:05\')')
 3 SYSTEMPATH\Database\BaseBuilder.php(2345): CodeIgniter\Database\BaseConnection->query('INSERT INTO `users` (`us_email`, `us_name`, `password`, `created_at`) VALUES (:us_email:, :us_name:, :password:, :created_at:)', [...], false)
 4 SYSTEMPATH\Model.php(394): CodeIgniter\Database\BaseBuilder->insert()
 5 SYSTEMPATH\BaseModel.php(838): CodeIgniter\Model->doInsert([...])
 6 SYSTEMPATH\Model.php(797): CodeIgniter\BaseModel->insert([...], true)
 7 APPPATH\Controllers\Api\Users.php(103): CodeIgniter\Model->insert([...])
 8 APPPATH\Controllers\Api\Users.php(39): App\Controllers\Api\Users->create()
 9 SYSTEMPATH\CodeIgniter.php(933): App\Controllers\Api\Users->index('signup')
10 SYSTEMPATH\CodeIgniter.php(507): CodeIgniter\CodeIgniter->runController(Object(App\Controllers\Api\Users))
11 SYSTEMPATH\CodeIgniter.php(354): CodeIgniter\CodeIgniter->handleRequest(null, Object(Config\Cache), false)
12 SYSTEMPATH\Boot.php(363): CodeIgniter\CodeIgniter->run()
13 SYSTEMPATH\Boot.php(68): CodeIgniter\Boot::runCodeIgniter(Object(CodeIgniter\CodeIgniter))
14 FCPATH\index.php(59): CodeIgniter\Boot::bootWeb(Object(Config\Paths))
CRITICAL - 2025-09-06 14:26:05 --> [Caused by] mysqli_sql_exception: Unknown column 'password' in 'field list'
in SYSTEMPATH\Database\MySQLi\Connection.php on line 327.
 1 SYSTEMPATH\Database\MySQLi\Connection.php(327): mysqli->query('INSERT INTO `users` (`us_email`, `us_name`, `password`, `created_at`) VALUES (\'renefgj@gmail.com\', \'Rene Faustino Gabriel Junior\', \'$2y$10$ePEgLZIFgmzgHPnmzduWE.PJ0Q/Qw4DCFNM2DCPlCWcPkq/K2gP4u\', \'2025-09-06 14:26:05\')', 0)
 2 SYSTEMPATH\Database\BaseConnection.php(729): CodeIgniter\Database\MySQLi\Connection->execute('INSERT INTO `users` (`us_email`, `us_name`, `password`, `created_at`) VALUES (\'renefgj@gmail.com\', \'Rene Faustino Gabriel Junior\', \'$2y$10$ePEgLZIFgmzgHPnmzduWE.PJ0Q/Qw4DCFNM2DCPlCWcPkq/K2gP4u\', \'2025-09-06 14:26:05\')')
 3 SYSTEMPATH\Database\BaseConnection.php(646): CodeIgniter\Database\BaseConnection->simpleQuery('INSERT INTO `users` (`us_email`, `us_name`, `password`, `created_at`) VALUES (\'renefgj@gmail.com\', \'Rene Faustino Gabriel Junior\', \'$2y$10$ePEgLZIFgmzgHPnmzduWE.PJ0Q/Qw4DCFNM2DCPlCWcPkq/K2gP4u\', \'2025-09-06 14:26:05\')')
 4 SYSTEMPATH\Database\BaseBuilder.php(2345): CodeIgniter\Database\BaseConnection->query('INSERT INTO `users` (`us_email`, `us_name`, `password`, `created_at`) VALUES (:us_email:, :us_name:, :password:, :created_at:)', [...], false)
 5 SYSTEMPATH\Model.php(394): CodeIgniter\Database\BaseBuilder->insert()
 6 SYSTEMPATH\BaseModel.php(838): CodeIgniter\Model->doInsert([...])
 7 SYSTEMPATH\Model.php(797): CodeIgniter\BaseModel->insert([...], true)
 8 APPPATH\Controllers\Api\Users.php(103): CodeIgniter\Model->insert([...])
 9 APPPATH\Controllers\Api\Users.php(39): App\Controllers\Api\Users->create()
10 SYSTEMPATH\CodeIgniter.php(933): App\Controllers\Api\Users->index('signup')
11 SYSTEMPATH\CodeIgniter.php(507): CodeIgniter\CodeIgniter->runController(Object(App\Controllers\Api\Users))
12 SYSTEMPATH\CodeIgniter.php(354): CodeIgniter\CodeIgniter->handleRequest(null, Object(Config\Cache), false)
13 SYSTEMPATH\Boot.php(363): CodeIgniter\CodeIgniter->run()
14 SYSTEMPATH\Boot.php(68): CodeIgniter\Boot::runCodeIgniter(Object(CodeIgniter\CodeIgniter))
15 FCPATH\index.php(59): CodeIgniter\Boot::bootWeb(Object(Config\Paths))
ERROR - 2025-09-06 14:30:26 --> mysqli_sql_exception: Duplicate entry 'renefgj@gmail.com' for key 'users.us_email' in E:\Projeto\www\Capagiic-acessibilidade\v1\system\Database\MySQLi\Connection.php:327
Stack trace:
#0 E:\Projeto\www\Capagiic-acessibilidade\v1\system\Database\MySQLi\Connection.php(327): mysqli->query('INSERT INTO `us...', 0)
#1 E:\Projeto\www\Capagiic-acessibilidade\v1\system\Database\BaseConnection.php(729): CodeIgniter\Database\MySQLi\Connection->execute('INSERT INTO `us...')
#2 E:\Projeto\www\Capagiic-acessibilidade\v1\system\Database\BaseConnection.php(646): CodeIgniter\Database\BaseConnection->simpleQuery('INSERT INTO `us...')
#3 E:\Projeto\www\Capagiic-acessibilidade\v1\system\Database\BaseBuilder.php(2345): CodeIgniter\Database\BaseConnection->query('INSERT INTO `us...', Array, false)
#4 E:\Projeto\www\Capagiic-acessibilidade\v1\system\Model.php(394): CodeIgniter\Database\BaseBuilder->insert()
#5 E:\Projeto\www\Capagiic-acessibilidade\v1\system\BaseModel.php(838): CodeIgniter\Model->doInsert(Array)
#6 E:\Projeto\www\Capagiic-acessibilidade\v1\system\Model.php(797): CodeIgniter\BaseModel->insert(Array, true)
#7 E:\Projeto\www\Capagiic-acessibilidade\v1\app\Controllers\Api\Users.php(111): CodeIgniter\Model->insert(Array)
#8 E:\Projeto\www\Capagiic-acessibilidade\v1\app\Controllers\Api\Users.php(39): App\Controllers\Api\Users->create()
#9 E:\Projeto\www\Capagiic-acessibilidade\v1\system\CodeIgniter.php(933): App\Controllers\Api\Users->index('signup')
#10 E:\Projeto\www\Capagiic-acessibilidade\v1\system\CodeIgniter.php(507): CodeIgniter\CodeIgniter->runController(Object(App\Controllers\Api\Users))
#11 E:\Projeto\www\Capagiic-acessibilidade\v1\system\CodeIgniter.php(354): CodeIgniter\CodeIgniter->handleRequest(NULL, Object(Config\Cache), false)
#12 E:\Projeto\www\Capagiic-acessibilidade\v1\system\Boot.php(363): CodeIgniter\CodeIgniter->run()
#13 E:\Projeto\www\Capagiic-acessibilidade\v1\system\Boot.php(68): CodeIgniter\Boot::runCodeIgniter(Object(CodeIgniter\CodeIgniter))
#14 E:\Projeto\www\Capagiic-acessibilidade\v1\public\index.php(59): CodeIgniter\Boot::bootWeb(Object(Config\Paths))
#15 {main}
CRITICAL - 2025-09-06 14:30:26 --> CodeIgniter\Database\Exceptions\DatabaseException: Duplicate entry 'renefgj@gmail.com' for key 'users.us_email'
[Method: POST, Route: api/users/signup]
in SYSTEMPATH\Database\BaseConnection.php on line 684.
 1 SYSTEMPATH\Database\BaseBuilder.php(2345): CodeIgniter\Database\BaseConnection->query('INSERT INTO `users` (`us_email`, `us_name`, `created_at`) VALUES (:us_email:, :us_name:, :created_at:)', [...], false)
 2 SYSTEMPATH\Model.php(394): CodeIgniter\Database\BaseBuilder->insert()
 3 SYSTEMPATH\BaseModel.php(838): CodeIgniter\Model->doInsert([...])
 4 SYSTEMPATH\Model.php(797): CodeIgniter\BaseModel->insert([...], true)
 5 APPPATH\Controllers\Api\Users.php(111): CodeIgniter\Model->insert([...])
 6 APPPATH\Controllers\Api\Users.php(39): App\Controllers\Api\Users->create()
 7 SYSTEMPATH\CodeIgniter.php(933): App\Controllers\Api\Users->index('signup')
 8 SYSTEMPATH\CodeIgniter.php(507): CodeIgniter\CodeIgniter->runController(Object(App\Controllers\Api\Users))
 9 SYSTEMPATH\CodeIgniter.php(354): CodeIgniter\CodeIgniter->handleRequest(null, Object(Config\Cache), false)
10 SYSTEMPATH\Boot.php(363): CodeIgniter\CodeIgniter->run()
11 SYSTEMPATH\Boot.php(68): CodeIgniter\Boot::runCodeIgniter(Object(CodeIgniter\CodeIgniter))
12 FCPATH\index.php(59): CodeIgniter\Boot::bootWeb(Object(Config\Paths))
CRITICAL - 2025-09-06 14:30:26 --> [Caused by] CodeIgniter\Database\Exceptions\DatabaseException: Duplicate entry 'renefgj@gmail.com' for key 'users.us_email'
in SYSTEMPATH\Database\MySQLi\Connection.php on line 332.
 1 SYSTEMPATH\Database\BaseConnection.php(729): CodeIgniter\Database\MySQLi\Connection->execute('INSERT INTO `users` (`us_email`, `us_name`, `created_at`) VALUES (\'renefgj@gmail.com\', \'Rene Faustino Gabriel Junior\', \'2025-09-06 14:30:26\')')
 2 SYSTEMPATH\Database\BaseConnection.php(646): CodeIgniter\Database\BaseConnection->simpleQuery('INSERT INTO `users` (`us_email`, `us_name`, `created_at`) VALUES (\'renefgj@gmail.com\', \'Rene Faustino Gabriel Junior\', \'2025-09-06 14:30:26\')')
 3 SYSTEMPATH\Database\BaseBuilder.php(2345): CodeIgniter\Database\BaseConnection->query('INSERT INTO `users` (`us_email`, `us_name`, `created_at`) VALUES (:us_email:, :us_name:, :created_at:)', [...], false)
 4 SYSTEMPATH\Model.php(394): CodeIgniter\Database\BaseBuilder->insert()
 5 SYSTEMPATH\BaseModel.php(838): CodeIgniter\Model->doInsert([...])
 6 SYSTEMPATH\Model.php(797): CodeIgniter\BaseModel->insert([...], true)
 7 APPPATH\Controllers\Api\Users.php(111): CodeIgniter\Model->insert([...])
 8 APPPATH\Controllers\Api\Users.php(39): App\Controllers\Api\Users->create()
 9 SYSTEMPATH\CodeIgniter.php(933): App\Controllers\Api\Users->index('signup')
10 SYSTEMPATH\CodeIgniter.php(507): CodeIgniter\CodeIgniter->runController(Object(App\Controllers\Api\Users))
11 SYSTEMPATH\CodeIgniter.php(354): CodeIgniter\CodeIgniter->handleRequest(null, Object(Config\Cache), false)
12 SYSTEMPATH\Boot.php(363): CodeIgniter\CodeIgniter->run()
13 SYSTEMPATH\Boot.php(68): CodeIgniter\Boot::runCodeIgniter(Object(CodeIgniter\CodeIgniter))
14 FCPATH\index.php(59): CodeIgniter\Boot::bootWeb(Object(Config\Paths))
CRITICAL - 2025-09-06 14:30:26 --> [Caused by] mysqli_sql_exception: Duplicate entry 'renefgj@gmail.com' for key 'users.us_email'
in SYSTEMPATH\Database\MySQLi\Connection.php on line 327.
 1 SYSTEMPATH\Database\MySQLi\Connection.php(327): mysqli->query('INSERT INTO `users` (`us_email`, `us_name`, `created_at`) VALUES (\'renefgj@gmail.com\', \'Rene Faustino Gabriel Junior\', \'2025-09-06 14:30:26\')', 0)
 2 SYSTEMPATH\Database\BaseConnection.php(729): CodeIgniter\Database\MySQLi\Connection->execute('INSERT INTO `users` (`us_email`, `us_name`, `created_at`) VALUES (\'renefgj@gmail.com\', \'Rene Faustino Gabriel Junior\', \'2025-09-06 14:30:26\')')
 3 SYSTEMPATH\Database\BaseConnection.php(646): CodeIgniter\Database\BaseConnection->simpleQuery('INSERT INTO `users` (`us_email`, `us_name`, `created_at`) VALUES (\'renefgj@gmail.com\', \'Rene Faustino Gabriel Junior\', \'2025-09-06 14:30:26\')')
 4 SYSTEMPATH\Database\BaseBuilder.php(2345): CodeIgniter\Database\BaseConnection->query('INSERT INTO `users` (`us_email`, `us_name`, `created_at`) VALUES (:us_email:, :us_name:, :created_at:)', [...], false)
 5 SYSTEMPATH\Model.php(394): CodeIgniter\Database\BaseBuilder->insert()
 6 SYSTEMPATH\BaseModel.php(838): CodeIgniter\Model->doInsert([...])
 7 SYSTEMPATH\Model.php(797): CodeIgniter\BaseModel->insert([...], true)
 8 APPPATH\Controllers\Api\Users.php(111): CodeIgniter\Model->insert([...])
 9 APPPATH\Controllers\Api\Users.php(39): App\Controllers\Api\Users->create()
10 SYSTEMPATH\CodeIgniter.php(933): App\Controllers\Api\Users->index('signup')
11 SYSTEMPATH\CodeIgniter.php(507): CodeIgniter\CodeIgniter->runController(Object(App\Controllers\Api\Users))
12 SYSTEMPATH\CodeIgniter.php(354): CodeIgniter\CodeIgniter->handleRequest(null, Object(Config\Cache), false)
13 SYSTEMPATH\Boot.php(363): CodeIgniter\CodeIgniter->run()
14 SYSTEMPATH\Boot.php(68): CodeIgniter\Boot::runCodeIgniter(Object(CodeIgniter\CodeIgniter))
15 FCPATH\index.php(59): CodeIgniter\Boot::bootWeb(Object(Config\Paths))
ERROR - 2025-09-06 14:30:41 --> mysqli_sql_exception: Duplicate entry 'renefgj@gmail.com' for key 'users.us_email' in E:\Projeto\www\Capagiic-acessibilidade\v1\system\Database\MySQLi\Connection.php:327
Stack trace:
#0 E:\Projeto\www\Capagiic-acessibilidade\v1\system\Database\MySQLi\Connection.php(327): mysqli->query('INSERT INTO `us...', 0)
#1 E:\Projeto\www\Capagiic-acessibilidade\v1\system\Database\BaseConnection.php(729): CodeIgniter\Database\MySQLi\Connection->execute('INSERT INTO `us...')
#2 E:\Projeto\www\Capagiic-acessibilidade\v1\system\Database\BaseConnection.php(646): CodeIgniter\Database\BaseConnection->simpleQuery('INSERT INTO `us...')
#3 E:\Projeto\www\Capagiic-acessibilidade\v1\system\Database\BaseBuilder.php(2345): CodeIgniter\Database\BaseConnection->query('INSERT INTO `us...', Array, false)
#4 E:\Projeto\www\Capagiic-acessibilidade\v1\system\Model.php(394): CodeIgniter\Database\BaseBuilder->insert()
#5 E:\Projeto\www\Capagiic-acessibilidade\v1\system\BaseModel.php(838): CodeIgniter\Model->doInsert(Array)
#6 E:\Projeto\www\Capagiic-acessibilidade\v1\system\Model.php(797): CodeIgniter\BaseModel->insert(Array, true)
#7 E:\Projeto\www\Capagiic-acessibilidade\v1\app\Controllers\Api\Users.php(111): CodeIgniter\Model->insert(Array)
#8 E:\Projeto\www\Capagiic-acessibilidade\v1\app\Controllers\Api\Users.php(39): App\Controllers\Api\Users->create()
#9 E:\Projeto\www\Capagiic-acessibilidade\v1\system\CodeIgniter.php(933): App\Controllers\Api\Users->index('signup')
#10 E:\Projeto\www\Capagiic-acessibilidade\v1\system\CodeIgniter.php(507): CodeIgniter\CodeIgniter->runController(Object(App\Controllers\Api\Users))
#11 E:\Projeto\www\Capagiic-acessibilidade\v1\system\CodeIgniter.php(354): CodeIgniter\CodeIgniter->handleRequest(NULL, Object(Config\Cache), false)
#12 E:\Projeto\www\Capagiic-acessibilidade\v1\system\Boot.php(363): CodeIgniter\CodeIgniter->run()
#13 E:\Projeto\www\Capagiic-acessibilidade\v1\system\Boot.php(68): CodeIgniter\Boot::runCodeIgniter(Object(CodeIgniter\CodeIgniter))
#14 E:\Projeto\www\Capagiic-acessibilidade\v1\public\index.php(59): CodeIgniter\Boot::bootWeb(Object(Config\Paths))
#15 {main}
CRITICAL - 2025-09-06 14:30:41 --> CodeIgniter\Database\Exceptions\DatabaseException: Duplicate entry 'renefgj@gmail.com' for key 'users.us_email'
[Method: GET, Route: api/users/signup]
in SYSTEMPATH\Database\BaseConnection.php on line 684.
 1 SYSTEMPATH\Database\BaseBuilder.php(2345): CodeIgniter\Database\BaseConnection->query('INSERT INTO `users` (`us_email`, `us_name`, `created_at`) VALUES (:us_email:, :us_name:, :created_at:)', [...], false)
 2 SYSTEMPATH\Model.php(394): CodeIgniter\Database\BaseBuilder->insert()
 3 SYSTEMPATH\BaseModel.php(838): CodeIgniter\Model->doInsert([...])
 4 SYSTEMPATH\Model.php(797): CodeIgniter\BaseModel->insert([...], true)
 5 APPPATH\Controllers\Api\Users.php(111): CodeIgniter\Model->insert([...])
 6 APPPATH\Controllers\Api\Users.php(39): App\Controllers\Api\Users->create()
 7 SYSTEMPATH\CodeIgniter.php(933): App\Controllers\Api\Users->index('signup')
 8 SYSTEMPATH\CodeIgniter.php(507): CodeIgniter\CodeIgniter->runController(Object(App\Controllers\Api\Users))
 9 SYSTEMPATH\CodeIgniter.php(354): CodeIgniter\CodeIgniter->handleRequest(null, Object(Config\Cache), false)
10 SYSTEMPATH\Boot.php(363): CodeIgniter\CodeIgniter->run()
11 SYSTEMPATH\Boot.php(68): CodeIgniter\Boot::runCodeIgniter(Object(CodeIgniter\CodeIgniter))
12 FCPATH\index.php(59): CodeIgniter\Boot::bootWeb(Object(Config\Paths))
CRITICAL - 2025-09-06 14:30:41 --> [Caused by] CodeIgniter\Database\Exceptions\DatabaseException: Duplicate entry 'renefgj@gmail.com' for key 'users.us_email'
in SYSTEMPATH\Database\MySQLi\Connection.php on line 332.
 1 SYSTEMPATH\Database\BaseConnection.php(729): CodeIgniter\Database\MySQLi\Connection->execute('INSERT INTO `users` (`us_email`, `us_name`, `created_at`) VALUES (\'renefgj@gmail.com\', \'Rene Faustino Gabriel Junior\', \'2025-09-06 14:30:41\')')
 2 SYSTEMPATH\Database\BaseConnection.php(646): CodeIgniter\Database\BaseConnection->simpleQuery('INSERT INTO `users` (`us_email`, `us_name`, `created_at`) VALUES (\'renefgj@gmail.com\', \'Rene Faustino Gabriel Junior\', \'2025-09-06 14:30:41\')')
 3 SYSTEMPATH\Database\BaseBuilder.php(2345): CodeIgniter\Database\BaseConnection->query('INSERT INTO `users` (`us_email`, `us_name`, `created_at`) VALUES (:us_email:, :us_name:, :created_at:)', [...], false)
 4 SYSTEMPATH\Model.php(394): CodeIgniter\Database\BaseBuilder->insert()
 5 SYSTEMPATH\BaseModel.php(838): CodeIgniter\Model->doInsert([...])
 6 SYSTEMPATH\Model.php(797): CodeIgniter\BaseModel->insert([...], true)
 7 APPPATH\Controllers\Api\Users.php(111): CodeIgniter\Model->insert([...])
 8 APPPATH\Controllers\Api\Users.php(39): App\Controllers\Api\Users->create()
 9 SYSTEMPATH\CodeIgniter.php(933): App\Controllers\Api\Users->index('signup')
10 SYSTEMPATH\CodeIgniter.php(507): CodeIgniter\CodeIgniter->runController(Object(App\Controllers\Api\Users))
11 SYSTEMPATH\CodeIgniter.php(354): CodeIgniter\CodeIgniter->handleRequest(null, Object(Config\Cache), false)
12 SYSTEMPATH\Boot.php(363): CodeIgniter\CodeIgniter->run()
13 SYSTEMPATH\Boot.php(68): CodeIgniter\Boot::runCodeIgniter(Object(CodeIgniter\CodeIgniter))
14 FCPATH\index.php(59): CodeIgniter\Boot::bootWeb(Object(Config\Paths))
CRITICAL - 2025-09-06 14:30:41 --> [Caused by] mysqli_sql_exception: Duplicate entry 'renefgj@gmail.com' for key 'users.us_email'
in SYSTEMPATH\Database\MySQLi\Connection.php on line 327.
 1 SYSTEMPATH\Database\MySQLi\Connection.php(327): mysqli->query('INSERT INTO `users` (`us_email`, `us_name`, `created_at`) VALUES (\'renefgj@gmail.com\', \'Rene Faustino Gabriel Junior\', \'2025-09-06 14:30:41\')', 0)
 2 SYSTEMPATH\Database\BaseConnection.php(729): CodeIgniter\Database\MySQLi\Connection->execute('INSERT INTO `users` (`us_email`, `us_name`, `created_at`) VALUES (\'renefgj@gmail.com\', \'Rene Faustino Gabriel Junior\', \'2025-09-06 14:30:41\')')
 3 SYSTEMPATH\Database\BaseConnection.php(646): CodeIgniter\Database\BaseConnection->simpleQuery('INSERT INTO `users` (`us_email`, `us_name`, `created_at`) VALUES (\'renefgj@gmail.com\', \'Rene Faustino Gabriel Junior\', \'2025-09-06 14:30:41\')')
 4 SYSTEMPATH\Database\BaseBuilder.php(2345): CodeIgniter\Database\BaseConnection->query('INSERT INTO `users` (`us_email`, `us_name`, `created_at`) VALUES (:us_email:, :us_name:, :created_at:)', [...], false)
 5 SYSTEMPATH\Model.php(394): CodeIgniter\Database\BaseBuilder->insert()
 6 SYSTEMPATH\BaseModel.php(838): CodeIgniter\Model->doInsert([...])
 7 SYSTEMPATH\Model.php(797): CodeIgniter\BaseModel->insert([...], true)
 8 APPPATH\Controllers\Api\Users.php(111): CodeIgniter\Model->insert([...])
 9 APPPATH\Controllers\Api\Users.php(39): App\Controllers\Api\Users->create()
10 SYSTEMPATH\CodeIgniter.php(933): App\Controllers\Api\Users->index('signup')
11 SYSTEMPATH\CodeIgniter.php(507): CodeIgniter\CodeIgniter->runController(Object(App\Controllers\Api\Users))
12 SYSTEMPATH\CodeIgniter.php(354): CodeIgniter\CodeIgniter->handleRequest(null, Object(Config\Cache), false)
13 SYSTEMPATH\Boot.php(363): CodeIgniter\CodeIgniter->run()
14 SYSTEMPATH\Boot.php(68): CodeIgniter\Boot::runCodeIgniter(Object(CodeIgniter\CodeIgniter))
15 FCPATH\index.php(59): CodeIgniter\Boot::bootWeb(Object(Config\Paths))
ERROR - 2025-09-06 14:31:44 --> mysqli_sql_exception: Duplicate entry 'renefgj@gmail.com' for key 'users.us_email' in E:\Projeto\www\Capagiic-acessibilidade\v1\system\Database\MySQLi\Connection.php:327
Stack trace:
#0 E:\Projeto\www\Capagiic-acessibilidade\v1\system\Database\MySQLi\Connection.php(327): mysqli->query('INSERT INTO `us...', 0)
#1 E:\Projeto\www\Capagiic-acessibilidade\v1\system\Database\BaseConnection.php(729): CodeIgniter\Database\MySQLi\Connection->execute('INSERT INTO `us...')
#2 E:\Projeto\www\Capagiic-acessibilidade\v1\system\Database\BaseConnection.php(646): CodeIgniter\Database\BaseConnection->simpleQuery('INSERT INTO `us...')
#3 E:\Projeto\www\Capagiic-acessibilidade\v1\system\Database\BaseBuilder.php(2345): CodeIgniter\Database\BaseConnection->query('INSERT INTO `us...', Array, false)
#4 E:\Projeto\www\Capagiic-acessibilidade\v1\system\Model.php(394): CodeIgniter\Database\BaseBuilder->insert()
#5 E:\Projeto\www\Capagiic-acessibilidade\v1\system\BaseModel.php(838): CodeIgniter\Model->doInsert(Array)
#6 E:\Projeto\www\Capagiic-acessibilidade\v1\system\Model.php(797): CodeIgniter\BaseModel->insert(Array, true)
#7 E:\Projeto\www\Capagiic-acessibilidade\v1\app\Controllers\Api\Users.php(112): CodeIgniter\Model->insert(Array)
#8 E:\Projeto\www\Capagiic-acessibilidade\v1\app\Controllers\Api\Users.php(39): App\Controllers\Api\Users->create()
#9 E:\Projeto\www\Capagiic-acessibilidade\v1\system\CodeIgniter.php(933): App\Controllers\Api\Users->index('signup')
#10 E:\Projeto\www\Capagiic-acessibilidade\v1\system\CodeIgniter.php(507): CodeIgniter\CodeIgniter->runController(Object(App\Controllers\Api\Users))
#11 E:\Projeto\www\Capagiic-acessibilidade\v1\system\CodeIgniter.php(354): CodeIgniter\CodeIgniter->handleRequest(NULL, Object(Config\Cache), false)
#12 E:\Projeto\www\Capagiic-acessibilidade\v1\system\Boot.php(363): CodeIgniter\CodeIgniter->run()
#13 E:\Projeto\www\Capagiic-acessibilidade\v1\system\Boot.php(68): CodeIgniter\Boot::runCodeIgniter(Object(CodeIgniter\CodeIgniter))
#14 E:\Projeto\www\Capagiic-acessibilidade\v1\public\index.php(59): CodeIgniter\Boot::bootWeb(Object(Config\Paths))
#15 {main}
CRITICAL - 2025-09-06 14:31:44 --> CodeIgniter\Database\Exceptions\DatabaseException: Duplicate entry 'renefgj@gmail.com' for key 'users.us_email'
[Method: GET, Route: api/users/signup]
in SYSTEMPATH\Database\BaseConnection.php on line 684.
 1 SYSTEMPATH\Database\BaseBuilder.php(2345): CodeIgniter\Database\BaseConnection->query('INSERT INTO `users` (`us_email`, `us_name`, `created_at`) VALUES (:us_email:, :us_name:, :created_at:)', [...], false)
 2 SYSTEMPATH\Model.php(394): CodeIgniter\Database\BaseBuilder->insert()
 3 SYSTEMPATH\BaseModel.php(838): CodeIgniter\Model->doInsert([...])
 4 SYSTEMPATH\Model.php(797): CodeIgniter\BaseModel->insert([...], true)
 5 APPPATH\Controllers\Api\Users.php(112): CodeIgniter\Model->insert([...])
 6 APPPATH\Controllers\Api\Users.php(39): App\Controllers\Api\Users->create()
 7 SYSTEMPATH\CodeIgniter.php(933): App\Controllers\Api\Users->index('signup')
 8 SYSTEMPATH\CodeIgniter.php(507): CodeIgniter\CodeIgniter->runController(Object(App\Controllers\Api\Users))
 9 SYSTEMPATH\CodeIgniter.php(354): CodeIgniter\CodeIgniter->handleRequest(null, Object(Config\Cache), false)
10 SYSTEMPATH\Boot.php(363): CodeIgniter\CodeIgniter->run()
11 SYSTEMPATH\Boot.php(68): CodeIgniter\Boot::runCodeIgniter(Object(CodeIgniter\CodeIgniter))
12 FCPATH\index.php(59): CodeIgniter\Boot::bootWeb(Object(Config\Paths))
CRITICAL - 2025-09-06 14:31:44 --> [Caused by] CodeIgniter\Database\Exceptions\DatabaseException: Duplicate entry 'renefgj@gmail.com' for key 'users.us_email'
in SYSTEMPATH\Database\MySQLi\Connection.php on line 332.
 1 SYSTEMPATH\Database\BaseConnection.php(729): CodeIgniter\Database\MySQLi\Connection->execute('INSERT INTO `users` (`us_email`, `us_name`, `created_at`) VALUES (\'renefgj@gmail.com\', \'Rene Faustino Gabriel Junior\', \'2025-09-06 14:31:44\')')
 2 SYSTEMPATH\Database\BaseConnection.php(646): CodeIgniter\Database\BaseConnection->simpleQuery('INSERT INTO `users` (`us_email`, `us_name`, `created_at`) VALUES (\'renefgj@gmail.com\', \'Rene Faustino Gabriel Junior\', \'2025-09-06 14:31:44\')')
 3 SYSTEMPATH\Database\BaseBuilder.php(2345): CodeIgniter\Database\BaseConnection->query('INSERT INTO `users` (`us_email`, `us_name`, `created_at`) VALUES (:us_email:, :us_name:, :created_at:)', [...], false)
 4 SYSTEMPATH\Model.php(394): CodeIgniter\Database\BaseBuilder->insert()
 5 SYSTEMPATH\BaseModel.php(838): CodeIgniter\Model->doInsert([...])
 6 SYSTEMPATH\Model.php(797): CodeIgniter\BaseModel->insert([...], true)
 7 APPPATH\Controllers\Api\Users.php(112): CodeIgniter\Model->insert([...])
 8 APPPATH\Controllers\Api\Users.php(39): App\Controllers\Api\Users->create()
 9 SYSTEMPATH\CodeIgniter.php(933): App\Controllers\Api\Users->index('signup')
10 SYSTEMPATH\CodeIgniter.php(507): CodeIgniter\CodeIgniter->runController(Object(App\Controllers\Api\Users))
11 SYSTEMPATH\CodeIgniter.php(354): CodeIgniter\CodeIgniter->handleRequest(null, Object(Config\Cache), false)
12 SYSTEMPATH\Boot.php(363): CodeIgniter\CodeIgniter->run()
13 SYSTEMPATH\Boot.php(68): CodeIgniter\Boot::runCodeIgniter(Object(CodeIgniter\CodeIgniter))
14 FCPATH\index.php(59): CodeIgniter\Boot::bootWeb(Object(Config\Paths))
CRITICAL - 2025-09-06 14:31:44 --> [Caused by] mysqli_sql_exception: Duplicate entry 'renefgj@gmail.com' for key 'users.us_email'
in SYSTEMPATH\Database\MySQLi\Connection.php on line 327.
 1 SYSTEMPATH\Database\MySQLi\Connection.php(327): mysqli->query('INSERT INTO `users` (`us_email`, `us_name`, `created_at`) VALUES (\'renefgj@gmail.com\', \'Rene Faustino Gabriel Junior\', \'2025-09-06 14:31:44\')', 0)
 2 SYSTEMPATH\Database\BaseConnection.php(729): CodeIgniter\Database\MySQLi\Connection->execute('INSERT INTO `users` (`us_email`, `us_name`, `created_at`) VALUES (\'renefgj@gmail.com\', \'Rene Faustino Gabriel Junior\', \'2025-09-06 14:31:44\')')
 3 SYSTEMPATH\Database\BaseConnection.php(646): CodeIgniter\Database\BaseConnection->simpleQuery('INSERT INTO `users` (`us_email`, `us_name`, `created_at`) VALUES (\'renefgj@gmail.com\', \'Rene Faustino Gabriel Junior\', \'2025-09-06 14:31:44\')')
 4 SYSTEMPATH\Database\BaseBuilder.php(2345): CodeIgniter\Database\BaseConnection->query('INSERT INTO `users` (`us_email`, `us_name`, `created_at`) VALUES (:us_email:, :us_name:, :created_at:)', [...], false)
 5 SYSTEMPATH\Model.php(394): CodeIgniter\Database\BaseBuilder->insert()
 6 SYSTEMPATH\BaseModel.php(838): CodeIgniter\Model->doInsert([...])
 7 SYSTEMPATH\Model.php(797): CodeIgniter\BaseModel->insert([...], true)
 8 APPPATH\Controllers\Api\Users.php(112): CodeIgniter\Model->insert([...])
 9 APPPATH\Controllers\Api\Users.php(39): App\Controllers\Api\Users->create()
10 SYSTEMPATH\CodeIgniter.php(933): App\Controllers\Api\Users->index('signup')
11 SYSTEMPATH\CodeIgniter.php(507): CodeIgniter\CodeIgniter->runController(Object(App\Controllers\Api\Users))
12 SYSTEMPATH\CodeIgniter.php(354): CodeIgniter\CodeIgniter->handleRequest(null, Object(Config\Cache), false)
13 SYSTEMPATH\Boot.php(363): CodeIgniter\CodeIgniter->run()
14 SYSTEMPATH\Boot.php(68): CodeIgniter\Boot::runCodeIgniter(Object(CodeIgniter\CodeIgniter))
15 FCPATH\index.php(59): CodeIgniter\Boot::bootWeb(Object(Config\Paths))
